--------------------------------------------------
                 Selection Sort
--------------------------------------------------
Testcase 1! Size: 10. Assigns: 50; Comparisons: 55.
Testcase 2! Size: 10. Assigns: 50; Comparisons: 55.
Testcase 3! Size: 10. Assigns: 52; Comparisons: 55.
Testcase 4! Size: 10. Assigns: 48; Comparisons: 55.
Testcase 5! Size: 10. Assigns: 52; Comparisons: 55.
Testcase 6! Size: 10. Assigns: 54; Comparisons: 55.
Testcase 7! Size: 10. Assigns: 49; Comparisons: 55.
Testcase 8! Size: 69. Assigns: 466; Comparisons: 2415.
Testcase 9! Size: 69. Assigns: 465; Comparisons: 2415.
Testcase 10! Size: 69. Assigns: 494; Comparisons: 2415.
Testcase 11! Size: 69. Assigns: 505; Comparisons: 2415.
Testcase 12! Size: 69. Assigns: 432; Comparisons: 2415.
Testcase 13! Size: 69. Assigns: 497; Comparisons: 2415.
Testcase 14! Size: 69. Assigns: 467; Comparisons: 2415.
Testcase 15! Size: 420. Assigns: 3252; Comparisons: 88410.
Testcase 16! Size: 420. Assigns: 3513; Comparisons: 88410.
Testcase 17! Size: 420. Assigns: 3758; Comparisons: 88410.
Testcase 18! Size: 420. Assigns: 3910; Comparisons: 88410.
Testcase 19! Size: 420. Assigns: 4136; Comparisons: 88410.
Testcase 20! Size: 420. Assigns: 3169; Comparisons: 88410.
Testcase 21! Size: 420. Assigns: 3521; Comparisons: 88410.
Testcase 22! Size: 777. Assigns: 7025; Comparisons: 302253.
Testcase 23! Size: 777. Assigns: 6816; Comparisons: 302253.
Testcase 24! Size: 777. Assigns: 6435; Comparisons: 302253.
Testcase 25! Size: 777. Assigns: 7148; Comparisons: 302253.
Testcase 26! Size: 777. Assigns: 7402; Comparisons: 302253.
Testcase 27! Size: 777. Assigns: 7786; Comparisons: 302253.
Testcase 28! Size: 777. Assigns: 7229; Comparisons: 302253.
Testcase 29! Size: 1010. Assigns: 9350; Comparisons: 510555.
Testcase 30! Size: 1010. Assigns: 8974; Comparisons: 510555.
Testcase 31! Size: 1010. Assigns: 9749; Comparisons: 510555.
Testcase 32! Size: 1010. Assigns: 11073; Comparisons: 510555.
Testcase 33! Size: 1010. Assigns: 8924; Comparisons: 510555.
Testcase 34! Size: 1010. Assigns: 8642; Comparisons: 510555.
Testcase 35! Size: 1010. Assigns: 9904; Comparisons: 510555.
Testcase 36! Size: 1337. Assigns: 13378; Comparisons: 894453.
Testcase 37! Size: 1337. Assigns: 13715; Comparisons: 894453.
Testcase 38! Size: 1337. Assigns: 13984; Comparisons: 894453.
Testcase 39! Size: 1337. Assigns: 12377; Comparisons: 894453.
Testcase 40! Size: 1337. Assigns: 13629; Comparisons: 894453.
Testcase 41! Size: 1337. Assigns: 12287; Comparisons: 894453.
Testcase 42! Size: 1337. Assigns: 12661; Comparisons: 894453.
Testcase 43! Size: 5228. Assigns: 54248; Comparisons: 13668606.
Testcase 44! Size: 5228. Assigns: 56778; Comparisons: 13668606.
Testcase 45! Size: 5228. Assigns: 58393; Comparisons: 13668606.
Testcase 46! Size: 5228. Assigns: 53736; Comparisons: 13668606.
Testcase 47! Size: 5228. Assigns: 56759; Comparisons: 13668606.
Testcase 48! Size: 5228. Assigns: 55556; Comparisons: 13668606.
Testcase 49! Size: 5228. Assigns: 57351; Comparisons: 13668606.
Testcase 50! Size: 9011. Assigns: 109074; Comparisons: 40603566.
Testcase 51! Size: 9011. Assigns: 108857; Comparisons: 40603566.
Testcase 52! Size: 9011. Assigns: 106150; Comparisons: 40603566.
Testcase 53! Size: 9011. Assigns: 103642; Comparisons: 40603566.
Testcase 54! Size: 9011. Assigns: 107697; Comparisons: 40603566.
Testcase 55! Size: 9011. Assigns: 106255; Comparisons: 40603566.
Testcase 56! Size: 9011. Assigns: 100995; Comparisons: 40603566.
Testcase 57! Size: 69420. Assigns: 1012280; Comparisons: 2409602910.
Testcase 58! Size: 69420. Assigns: 1009098; Comparisons: 2409602910.
Testcase 59! Size: 69420. Assigns: 916792; Comparisons: 2409602910.
Testcase 60! Size: 69420. Assigns: 954377; Comparisons: 2409602910.
Testcase 61! Size: 69420. Assigns: 1101647; Comparisons: 2409602910.
Testcase 62! Size: 69420. Assigns: 942364; Comparisons: 2409602910.
Testcase 63! Size: 69420. Assigns: 941600; Comparisons: 2409602910.
Testcase 64! Size: 123123. Assigns: 1762653; Comparisons: 7579698126.
Testcase 65! Size: 123123. Assigns: 1736143; Comparisons: 7579698126.
Testcase 66! Size: 123123. Assigns: 1637689; Comparisons: 7579698126.
Testcase 67! Size: 123123. Assigns: 1592982; Comparisons: 7579698126.
Testcase 68! Size: 123123. Assigns: 1729736; Comparisons: 7579698126.
Testcase 69! Size: 123123. Assigns: 1564172; Comparisons: 7579698126.
Testcase 70! Size: 123123. Assigns: 1666340; Comparisons: 7579698126.

--------------------------------------------------
                    Bubble Sort
--------------------------------------------------
Testcase 1! Size: 10. Assigns: 78; Comparisons: 40.
Testcase 2! Size: 10. Assigns: 81; Comparisons: 40.
Testcase 3! Size: 10. Assigns: 78; Comparisons: 45.
Testcase 4! Size: 10. Assigns: 51; Comparisons: 39.
Testcase 5! Size: 10. Assigns: 57; Comparisons: 31.
Testcase 6! Size: 10. Assigns: 54; Comparisons: 37.
Testcase 7! Size: 10. Assigns: 39; Comparisons: 31.
Testcase 8! Size: 69. Assigns: 3516; Comparisons: 2108.
Testcase 9! Size: 69. Assigns: 3609; Comparisons: 2290.
Testcase 10! Size: 69. Assigns: 3441; Comparisons: 2310.
Testcase 11! Size: 69. Assigns: 3534; Comparisons: 2324.
Testcase 12! Size: 69. Assigns: 3141; Comparisons: 2288.
Testcase 13! Size: 69. Assigns: 3456; Comparisons: 2233.
Testcase 14! Size: 69. Assigns: 3279; Comparisons: 2124.
Testcase 15! Size: 420. Assigns: 132357; Comparisons: 86122.
Testcase 16! Size: 420. Assigns: 125595; Comparisons: 85929.
Testcase 17! Size: 420. Assigns: 126885; Comparisons: 86518.
Testcase 18! Size: 420. Assigns: 126081; Comparisons: 86123.
Testcase 19! Size: 420. Assigns: 129900; Comparisons: 86583.
Testcase 20! Size: 420. Assigns: 135915; Comparisons: 86165.
Testcase 21! Size: 420. Assigns: 130782; Comparisons: 87752.
Testcase 22! Size: 777. Assigns: 450492; Comparisons: 300717.
Testcase 23! Size: 777. Assigns: 459960; Comparisons: 298358.
Testcase 24! Size: 777. Assigns: 467679; Comparisons: 297214.
Testcase 25! Size: 777. Assigns: 451242; Comparisons: 298076.
Testcase 26! Size: 777. Assigns: 456264; Comparisons: 294463.
Testcase 27! Size: 777. Assigns: 436794; Comparisons: 297614.
Testcase 28! Size: 777. Assigns: 436074; Comparisons: 300096.
Testcase 29! Size: 1010. Assigns: 761958; Comparisons: 507123.
Testcase 30! Size: 1010. Assigns: 775974; Comparisons: 505971.
Testcase 31! Size: 1010. Assigns: 771021; Comparisons: 502551.
Testcase 32! Size: 1010. Assigns: 770874; Comparisons: 507844.
Testcase 33! Size: 1010. Assigns: 789375; Comparisons: 507220.
Testcase 34! Size: 1010. Assigns: 765345; Comparisons: 508642.
Testcase 35! Size: 1010. Assigns: 775818; Comparisons: 508425.
Testcase 36! Size: 1337. Assigns: 1317450; Comparisons: 888158.
Testcase 37! Size: 1337. Assigns: 1293360; Comparisons: 884915.
Testcase 38! Size: 1337. Assigns: 1335129; Comparisons: 890217.
Testcase 39! Size: 1337. Assigns: 1333086; Comparisons: 892705.
Testcase 40! Size: 1337. Assigns: 1368837; Comparisons: 889018.
Testcase 41! Size: 1337. Assigns: 1364955; Comparisons: 891856.
Testcase 42! Size: 1337. Assigns: 1295892; Comparisons: 884005.
Testcase 43! Size: 5228. Assigns: 20294898; Comparisons: 13629340.
Testcase 44! Size: 5228. Assigns: 20727000; Comparisons: 13630594.
Testcase 45! Size: 5228. Assigns: 20963064; Comparisons: 13656701.
Testcase 46! Size: 5228. Assigns: 20475315; Comparisons: 13651620.
Testcase 47! Size: 5228. Assigns: 20527125; Comparisons: 13621070.
Testcase 48! Size: 5228. Assigns: 20334111; Comparisons: 13623551.
Testcase 49! Size: 5228. Assigns: 20644077; Comparisons: 13647619.
Testcase 50! Size: 9011. Assigns: 61232895; Comparisons: 40538566.
Testcase 51! Size: 9011. Assigns: 61471566; Comparisons: 40558882.
Testcase 52! Size: 9011. Assigns: 61327668; Comparisons: 40560995.
Testcase 53! Size: 9011. Assigns: 60708690; Comparisons: 40560406.
Testcase 54! Size: 9011. Assigns: 60977619; Comparisons: 40550179.
Testcase 55! Size: 9011. Assigns: 61102743; Comparisons: 40553484.
Testcase 56! Size: 9011. Assigns: 61270926; Comparisons: 40564792.
Testcase 57! Size: 69420. Assigns: 3614700009; Comparisons: 2409508602.
Testcase 58! Size: 69420. Assigns: 3617905824; Comparisons: 2408775228.
Testcase 59! Size: 69420. Assigns: 3616080807; Comparisons: 2409030006.
Testcase 60! Size: 69420. Assigns: 3605806833; Comparisons: 2408661327.
Testcase 61! Size: 69420. Assigns: 3614220045; Comparisons: 2409232495.
Testcase 62! Size: 69420. Assigns: 3608653530; Comparisons: 2409197704.
Testcase 63! Size: 69420. Assigns: 3605105301; Comparisons: 2409175580.
Testcase 64! Size: 123123. Assigns: 11399661360; Comparisons: 7578407611.
Testcase 65! Size: 123123. Assigns: 11374437012; Comparisons: 7579008841.
Testcase 66! Size: 123123. Assigns: 11362026366; Comparisons: 7578452695.
Testcase 67! Size: 123123. Assigns: 11343264927; Comparisons: 7578833452.
Testcase 68! Size: 123123. Assigns: 11386558530; Comparisons: 7578872861.
Testcase 69! Size: 123123. Assigns: 11340676314; Comparisons: 7579337111.
Testcase 70! Size: 123123. Assigns: 11365062591; Comparisons: 7579071882.

--------------------------------------------------
            Swap Insertion Sort
--------------------------------------------------
Testcase 1! Size: 10. Assigns: 78; Comparisons: 26.
Testcase 2! Size: 10. Assigns: 81; Comparisons: 27.
Testcase 3! Size: 10. Assigns: 78; Comparisons: 26.
Testcase 4! Size: 10. Assigns: 51; Comparisons: 17.
Testcase 5! Size: 10. Assigns: 57; Comparisons: 19.
Testcase 6! Size: 10. Assigns: 54; Comparisons: 18.
Testcase 7! Size: 10. Assigns: 39; Comparisons: 13.
Testcase 8! Size: 69. Assigns: 3516; Comparisons: 1172.
Testcase 9! Size: 69. Assigns: 3609; Comparisons: 1203.
Testcase 10! Size: 69. Assigns: 3441; Comparisons: 1147.
Testcase 11! Size: 69. Assigns: 3534; Comparisons: 1178.
Testcase 12! Size: 69. Assigns: 3141; Comparisons: 1047.
Testcase 13! Size: 69. Assigns: 3456; Comparisons: 1152.
Testcase 14! Size: 69. Assigns: 3279; Comparisons: 1093.
Testcase 15! Size: 420. Assigns: 132357; Comparisons: 44119.
Testcase 16! Size: 420. Assigns: 125595; Comparisons: 41865.
Testcase 17! Size: 420. Assigns: 126885; Comparisons: 42295.
Testcase 18! Size: 420. Assigns: 126081; Comparisons: 42027.
Testcase 19! Size: 420. Assigns: 129900; Comparisons: 43300.
Testcase 20! Size: 420. Assigns: 135915; Comparisons: 45305.
Testcase 21! Size: 420. Assigns: 130782; Comparisons: 43594.
Testcase 22! Size: 777. Assigns: 450492; Comparisons: 150164.
Testcase 23! Size: 777. Assigns: 459960; Comparisons: 153320.
Testcase 24! Size: 777. Assigns: 467679; Comparisons: 155893.
Testcase 25! Size: 777. Assigns: 451242; Comparisons: 150414.
Testcase 26! Size: 777. Assigns: 456264; Comparisons: 152088.
Testcase 27! Size: 777. Assigns: 436794; Comparisons: 145598.
Testcase 28! Size: 777. Assigns: 436074; Comparisons: 145358.
Testcase 29! Size: 1010. Assigns: 761958; Comparisons: 253986.
Testcase 30! Size: 1010. Assigns: 775974; Comparisons: 258658.
Testcase 31! Size: 1010. Assigns: 771021; Comparisons: 257007.
Testcase 32! Size: 1010. Assigns: 770874; Comparisons: 256958.
Testcase 33! Size: 1010. Assigns: 789375; Comparisons: 263125.
Testcase 34! Size: 1010. Assigns: 765345; Comparisons: 255115.
Testcase 35! Size: 1010. Assigns: 775818; Comparisons: 258606.
Testcase 36! Size: 1337. Assigns: 1317450; Comparisons: 439150.
Testcase 37! Size: 1337. Assigns: 1293360; Comparisons: 431120.
Testcase 38! Size: 1337. Assigns: 1335129; Comparisons: 445043.
Testcase 39! Size: 1337. Assigns: 1333086; Comparisons: 444362.
Testcase 40! Size: 1337. Assigns: 1368837; Comparisons: 456279.
Testcase 41! Size: 1337. Assigns: 1364955; Comparisons: 454985.
Testcase 42! Size: 1337. Assigns: 1295892; Comparisons: 431964.
Testcase 43! Size: 5228. Assigns: 20294898; Comparisons: 6764966.
Testcase 44! Size: 5228. Assigns: 20727000; Comparisons: 6909000.
Testcase 45! Size: 5228. Assigns: 20963064; Comparisons: 6987688.
Testcase 46! Size: 5228. Assigns: 20475315; Comparisons: 6825105.
Testcase 47! Size: 5228. Assigns: 20527125; Comparisons: 6842375.
Testcase 48! Size: 5228. Assigns: 20334111; Comparisons: 6778037.
Testcase 49! Size: 5228. Assigns: 20644077; Comparisons: 6881359.
Testcase 50! Size: 9011. Assigns: 61232895; Comparisons: 20410965.
Testcase 51! Size: 9011. Assigns: 61471566; Comparisons: 20490522.
Testcase 52! Size: 9011. Assigns: 61327668; Comparisons: 20442556.
Testcase 53! Size: 9011. Assigns: 60708690; Comparisons: 20236230.
Testcase 54! Size: 9011. Assigns: 60977619; Comparisons: 20325873.
Testcase 55! Size: 9011. Assigns: 61102743; Comparisons: 20367581.
Testcase 56! Size: 9011. Assigns: 61270926; Comparisons: 20423642.
Testcase 57! Size: 69420. Assigns: 3614700009; Comparisons: 1204900003.
Testcase 58! Size: 69420. Assigns: 3617905824; Comparisons: 1205968608.
Testcase 59! Size: 69420. Assigns: 3616080807; Comparisons: 1205360269.
Testcase 60! Size: 69420. Assigns: 3605806833; Comparisons: 1201935611.
Testcase 61! Size: 69420. Assigns: 3614220045; Comparisons: 1204740015.
Testcase 62! Size: 69420. Assigns: 3608653530; Comparisons: 1202884510.
Testcase 63! Size: 69420. Assigns: 3605105301; Comparisons: 1201701767.
Testcase 64! Size: 123123. Assigns: 11399661360; Comparisons: 3799887120.
Testcase 65! Size: 123123. Assigns: 11374437012; Comparisons: 3791479004.
Testcase 66! Size: 123123. Assigns: 11362026366; Comparisons: 3787342122.
Testcase 67! Size: 123123. Assigns: 11343264927; Comparisons: 3781088309.
Testcase 68! Size: 123123. Assigns: 11386558530; Comparisons: 3795519510.
Testcase 69! Size: 123123. Assigns: 11340676314; Comparisons: 3780225438.
Testcase 70! Size: 123123. Assigns: 11365062591; Comparisons: 3788354197.

--------------------------------------------------
          Binary Insertion Sort
--------------------------------------------------
Testcase 1! Size: 10. Assigns: 43; Comparisons: 23.
Testcase 2! Size: 10. Assigns: 42; Comparisons: 22.
Testcase 3! Size: 10. Assigns: 43; Comparisons: 23.
Testcase 4! Size: 10. Assigns: 52; Comparisons: 22.
Testcase 5! Size: 10. Assigns: 50; Comparisons: 22.
Testcase 6! Size: 10. Assigns: 51; Comparisons: 21.
Testcase 7! Size: 10. Assigns: 56; Comparisons: 23.
Testcase 8! Size: 69. Assigns: 1344; Comparisons: 325.
Testcase 9! Size: 69. Assigns: 1313; Comparisons: 329.
Testcase 10! Size: 69. Assigns: 1369; Comparisons: 324.
Testcase 11! Size: 69. Assigns: 1338; Comparisons: 336.
Testcase 12! Size: 69. Assigns: 1469; Comparisons: 326.
Testcase 13! Size: 69. Assigns: 1364; Comparisons: 330.
Testcase 14! Size: 69. Assigns: 1423; Comparisons: 328.
Testcase 15! Size: 420. Assigns: 44920; Comparisons: 3081.
Testcase 16! Size: 420. Assigns: 47174; Comparisons: 3080.
Testcase 17! Size: 420. Assigns: 46744; Comparisons: 3097.
Testcase 18! Size: 420. Assigns: 47012; Comparisons: 3083.
Testcase 19! Size: 420. Assigns: 45739; Comparisons: 3069.
Testcase 20! Size: 420. Assigns: 43734; Comparisons: 3080.
Testcase 21! Size: 420. Assigns: 45445; Comparisons: 3080.
Testcase 22! Size: 777. Assigns: 153252; Comparisons: 6408.
Testcase 23! Size: 777. Assigns: 150096; Comparisons: 6397.
Testcase 24! Size: 777. Assigns: 147523; Comparisons: 6419.
Testcase 25! Size: 777. Assigns: 153002; Comparisons: 6389.
Testcase 26! Size: 777. Assigns: 151328; Comparisons: 6397.
Testcase 27! Size: 777. Assigns: 157818; Comparisons: 6388.
Testcase 28! Size: 777. Assigns: 158058; Comparisons: 6387.
Testcase 29! Size: 1010. Assigns: 258083; Comparisons: 8681.
Testcase 30! Size: 1010. Assigns: 253411; Comparisons: 8684.
Testcase 31! Size: 1010. Assigns: 255062; Comparisons: 8672.
Testcase 32! Size: 1010. Assigns: 255111; Comparisons: 8701.
Testcase 33! Size: 1010. Assigns: 248944; Comparisons: 8689.
Testcase 34! Size: 1010. Assigns: 256954; Comparisons: 8675.
Testcase 35! Size: 1010. Assigns: 253463; Comparisons: 8682.
Testcase 36! Size: 1337. Assigns: 457306; Comparisons: 12015.
Testcase 37! Size: 1337. Assigns: 465336; Comparisons: 12024.
Testcase 38! Size: 1337. Assigns: 451413; Comparisons: 12011.
Testcase 39! Size: 1337. Assigns: 452094; Comparisons: 12074.
Testcase 40! Size: 1337. Assigns: 440177; Comparisons: 12033.
Testcase 41! Size: 1337. Assigns: 441471; Comparisons: 12042.
Testcase 42! Size: 1337. Assigns: 464492; Comparisons: 12023.
Testcase 43! Size: 5228. Assigns: 6911481; Comparisons: 57293.
Testcase 44! Size: 5228. Assigns: 6767447; Comparisons: 57359.
Testcase 45! Size: 5228. Assigns: 6688759; Comparisons: 57355.
Testcase 46! Size: 5228. Assigns: 6851342; Comparisons: 57358.
Testcase 47! Size: 5228. Assigns: 6834072; Comparisons: 57347.
Testcase 48! Size: 5228. Assigns: 6898410; Comparisons: 57319.
Testcase 49! Size: 5228. Assigns: 6795088; Comparisons: 57333.
Testcase 50! Size: 9011. Assigns: 20206115; Comparisons: 105871.
Testcase 51! Size: 9011. Assigns: 20126558; Comparisons: 105936.
Testcase 52! Size: 9011. Assigns: 20174524; Comparisons: 105853.
Testcase 53! Size: 9011. Assigns: 20380850; Comparisons: 105879.
Testcase 54! Size: 9011. Assigns: 20291207; Comparisons: 105865.
Testcase 55! Size: 9011. Assigns: 20249499; Comparisons: 105847.
Testcase 56! Size: 9011. Assigns: 20193438; Comparisons: 105839.
Testcase 57! Size: 69420. Assigns: 1204807036; Comparisons: 1020113.
Testcase 58! Size: 69420. Assigns: 1203738431; Comparisons: 1019967.
Testcase 59! Size: 69420. Assigns: 1204346770; Comparisons: 1020001.
Testcase 60! Size: 69420. Assigns: 1207771428; Comparisons: 1020075.
Testcase 61! Size: 69420. Assigns: 1204967024; Comparisons: 1020160.
Testcase 62! Size: 69420. Assigns: 1206822529; Comparisons: 1020226.
Testcase 63! Size: 69420. Assigns: 1208005272; Comparisons: 1020185.
Testcase 64! Size: 123123. Assigns: 3779995688; Comparisons: 1911756.
Testcase 65! Size: 123123. Assigns: 3788403804; Comparisons: 1911531.
Testcase 66! Size: 123123. Assigns: 3792540686; Comparisons: 1911534.
Testcase 67! Size: 123123. Assigns: 3798794499; Comparisons: 1912050.
Testcase 68! Size: 123123. Assigns: 3784363298; Comparisons: 1911763.
Testcase 69! Size: 123123. Assigns: 3799657370; Comparisons: 1911655.
Testcase 70! Size: 123123. Assigns: 3791528611; Comparisons: 1911756.

--------------------------------------------------
                    Shaker Sort
--------------------------------------------------
Testcase 1! Size: 10. Assigns: 108; Comparisons: 72.
Testcase 2! Size: 10. Assigns: 81; Comparisons: 72.
Testcase 3! Size: 10. Assigns: 78; Comparisons: 72.
Testcase 4! Size: 10. Assigns: 51; Comparisons: 54.
Testcase 5! Size: 10. Assigns: 57; Comparisons: 72.
Testcase 6! Size: 10. Assigns: 57; Comparisons: 54.
Testcase 7! Size: 10. Assigns: 39; Comparisons: 54.
Testcase 8! Size: 69. Assigns: 3516; Comparisons: 2720.
Testcase 9! Size: 69. Assigns: 3609; Comparisons: 2992.
Testcase 10! Size: 69. Assigns: 3441; Comparisons: 2448.
Testcase 11! Size: 69. Assigns: 3534; Comparisons: 2720.
Testcase 12! Size: 69. Assigns: 3141; Comparisons: 2312.
Testcase 13! Size: 69. Assigns: 3456; Comparisons: 2584.
Testcase 14! Size: 69. Assigns: 3279; Comparisons: 2720.
Testcase 15! Size: 420. Assigns: 132978; Comparisons: 92180.
Testcase 16! Size: 420. Assigns: 125598; Comparisons: 90504.
Testcase 17! Size: 420. Assigns: 126885; Comparisons: 86314.
Testcase 18! Size: 420. Assigns: 126081; Comparisons: 87152.
Testcase 19! Size: 420. Assigns: 129900; Comparisons: 90504.
Testcase 20! Size: 420. Assigns: 135915; Comparisons: 95532.
Testcase 21! Size: 420. Assigns: 130782; Comparisons: 92180.
Testcase 22! Size: 777. Assigns: 450492; Comparisons: 304192.
Testcase 23! Size: 777. Assigns: 459960; Comparisons: 310400.
Testcase 24! Size: 777. Assigns: 467679; Comparisons: 313504.
Testcase 25! Size: 777. Assigns: 451242; Comparisons: 311952.
Testcase 26! Size: 777. Assigns: 456264; Comparisons: 313504.
Testcase 27! Size: 777. Assigns: 436794; Comparisons: 305744.
Testcase 28! Size: 777. Assigns: 436074; Comparisons: 301088.
Testcase 29! Size: 1010. Assigns: 764928; Comparisons: 512572.
Testcase 30! Size: 1010. Assigns: 775974; Comparisons: 522662.
Testcase 31! Size: 1010. Assigns: 771024; Comparisons: 520644.
Testcase 32! Size: 1010. Assigns: 770874; Comparisons: 532752.
Testcase 33! Size: 1010. Assigns: 789375; Comparisons: 532752.
Testcase 34! Size: 1010. Assigns: 765348; Comparisons: 518626.
Testcase 35! Size: 1010. Assigns: 775821; Comparisons: 532752.
Testcase 36! Size: 1337. Assigns: 1317450; Comparisons: 887104.
Testcase 37! Size: 1337. Assigns: 1293360; Comparisons: 871072.
Testcase 38! Size: 1337. Assigns: 1335129; Comparisons: 905808.
Testcase 39! Size: 1337. Assigns: 1333086; Comparisons: 911152.
Testcase 40! Size: 1337. Assigns: 1368837; Comparisons: 945888.
Testcase 41! Size: 1337. Assigns: 1364955; Comparisons: 919168.
Testcase 42! Size: 1337. Assigns: 1295892; Comparisons: 881760.
Testcase 43! Size: 5228. Assigns: 20309361; Comparisons: 13621562.
Testcase 44! Size: 5228. Assigns: 20727003; Comparisons: 14008360.
Testcase 45! Size: 5228. Assigns: 20963064; Comparisons: 14238348.
Testcase 46! Size: 5228. Assigns: 20475315; Comparisons: 13778372.
Testcase 47! Size: 5228. Assigns: 20527125; Comparisons: 13726102.
Testcase 48! Size: 5228. Assigns: 20334114; Comparisons: 13715648.
Testcase 49! Size: 5228. Assigns: 20644077; Comparisons: 13862004.
Testcase 50! Size: 9011. Assigns: 61232895; Comparisons: 40797280.
Testcase 51! Size: 9011. Assigns: 61471566; Comparisons: 41301840.
Testcase 52! Size: 9011. Assigns: 61327668; Comparisons: 41265800.
Testcase 53! Size: 9011. Assigns: 60708690; Comparisons: 40454900.
Testcase 54! Size: 9011. Assigns: 60977619; Comparisons: 41211740.
Testcase 55! Size: 9011. Assigns: 61102743; Comparisons: 40653120.
Testcase 56! Size: 9011. Assigns: 61270926; Comparisons: 41067580.
Testcase 57! Size: 69420. Assigns: 3614701488; Comparisons: 2423972642.
Testcase 58! Size: 69420. Assigns: 3617905824; Comparisons: 2413420954.
Testcase 59! Size: 69420. Assigns: 3616080807; Comparisons: 2411616060.
Testcase 60! Size: 69420. Assigns: 3605806833; Comparisons: 2403702294.
Testcase 61! Size: 69420. Assigns: 3614220045; Comparisons: 2408839300.
Testcase 62! Size: 69420. Assigns: 3608653530; Comparisons: 2405507188.
Testcase 63! Size: 69420. Assigns: 3605105301; Comparisons: 2413282116.
Testcase 64! Size: 123123. Assigns: 11399661360; Comparisons: 7603029744.
Testcase 65! Size: 123123. Assigns: 11374437012; Comparisons: 7587762616.
Testcase 66! Size: 123123. Assigns: 11362026366; Comparisons: 7612140772.
Testcase 67! Size: 123123. Assigns: 11343264927; Comparisons: 7540483768.
Testcase 68! Size: 123123. Assigns: 11386558530; Comparisons: 7579882808.
Testcase 69! Size: 123123. Assigns: 11340676314; Comparisons: 7587516372.
Testcase 70! Size: 123123. Assigns: 11365062591; Comparisons: 7567816852.

